# JRE version: Java(TM) SE Runtime Environment (8.0_181-b13) (build 1.8.0_181-b13)
# Java VM: Java HotSpot(TM) 64-Bit Server VM (25.181-b13 mixed mode linux-amd64 compressed oops)
Heap:
 PSYoungGen      total 88576K, used 65873K [0x00000000e0000000, 0x00000000e6600000, 0x0000000100000000)
  eden space 79360K, 83% used [0x00000000e0000000,0x00000000e40545c8,0x00000000e4d80000)
  from space 9216K, 0% used [0x00000000e5600000,0x00000000e5600000,0x00000000e5f00000)
  to   space 8704K, 0% used [0x00000000e4d80000,0x00000000e4d80000,0x00000000e5600000)
 ParOldGen       total 104960K, used 34516K [0x00000000a0000000, 0x00000000a6680000, 0x00000000e0000000)
  object space 104960K, 32% used [0x00000000a0000000,0x00000000a21b5220,0x00000000a6680000)
 Metaspace       used 59255K, capacity 61126K, committed 61360K, reserved 1101824K
  class space    used 8102K, capacity 8551K, committed 8624K, reserved 1048576K
GC Heap History (10 events):
Event: 73.351 GC heap before
{Heap before GC invocations=21 (full 2):
 PSYoungGen      total 64512K, used 60714K [0x00000000e0000000, 0x00000000e4880000, 0x0000000100000000)
  eden space 55296K, 100% used [0x00000000e0000000,0x00000000e3600000,0x00000000e3600000)
  from space 9216K, 58% used [0x00000000e3f00000,0x00000000e444abc8,0x00000000e4800000)
  to   space 9216K, 0% used [0x00000000e3600000,0x00000000e3600000,0x00000000e3f00000)
 ParOldGen       total 75264K, used 24096K [0x00000000a0000000, 0x00000000a4980000, 0x00000000e0000000)
  object space 75264K, 32% used [0x00000000a0000000,0x00000000a1788090,0x00000000a4980000)
 Metaspace       used 53542K, capacity 55148K, committed 55344K, reserved 1097728K
  class space    used 7511K, capacity 7935K, committed 7984K, reserved 1048576K
Event: 73.371 GC heap after
Heap after GC invocations=21 (full 2):
 PSYoungGen      total 64512K, used 6626K [0x00000000e0000000, 0x00000000e5300000, 0x0000000100000000)
  eden space 55296K, 0% used [0x00000000e0000000,0x00000000e0000000,0x00000000e3600000)
  from space 9216K, 71% used [0x00000000e3600000,0x00000000e3c78910,0x00000000e3f00000)
  to   space 9216K, 0% used [0x00000000e4a00000,0x00000000e4a00000,0x00000000e5300000)
 ParOldGen       total 75264K, used 28000K [0x00000000a0000000, 0x00000000a4980000, 0x00000000e0000000)
  object space 75264K, 37% used [0x00000000a0000000,0x00000000a1b58090,0x00000000a4980000)
 Metaspace       used 53542K, capacity 55148K, committed 55344K, reserved 1097728K
  class space    used 7511K, capacity 7935K, committed 7984K, reserved 1048576K
}
Event: 76.232 GC heap before
{Heap before GC invocations=22 (full 2):
 PSYoungGen      total 64512K, used 61922K [0x00000000e0000000, 0x00000000e5300000, 0x0000000100000000)
  eden space 55296K, 100% used [0x00000000e0000000,0x00000000e3600000,0x00000000e3600000)
  from space 9216K, 71% used [0x00000000e3600000,0x00000000e3c78910,0x00000000e3f00000)
  to   space 9216K, 0% used [0x00000000e4a00000,0x00000000e4a00000,0x00000000e5300000)
 ParOldGen       total 75264K, used 28000K [0x00000000a0000000, 0x00000000a4980000, 0x00000000e0000000)
  object space 75264K, 37% used [0x00000000a0000000,0x00000000a1b58090,0x00000000a4980000)
 Metaspace       used 54458K, capacity 56188K, committed 56240K, reserved 1097728K
  class space    used 7642K, capacity 8077K, committed 8112K, reserved 1048576K
Event: 76.258 GC heap after
Heap after GC invocations=22 (full 2):
 PSYoungGen      total 75776K, used 3149K [0x00000000e0000000, 0x00000000e5380000, 0x0000000100000000)
  eden space 66560K, 0% used [0x00000000e0000000,0x00000000e0000000,0x00000000e4100000)
  from space 9216K, 34% used [0x00000000e4a00000,0x00000000e4d134d0,0x00000000e5300000)
  to   space 9216K, 0% used [0x00000000e4100000,0x00000000e4100000,0x00000000e4a00000)
 ParOldGen       total 75264K, used 32167K [0x00000000a0000000, 0x00000000a4980000, 0x00000000e0000000)
  object space 75264K, 42% used [0x00000000a0000000,0x00000000a1f69e20,0x00000000a4980000)
 Metaspace       used 54458K, capacity 56188K, committed 56240K, reserved 1097728K
  class space    used 7642K, capacity 8077K, committed 8112K, reserved 1048576K
}
Event: 239.336 GC heap before
{Heap before GC invocations=23 (full 2):
 PSYoungGen      total 75776K, used 69709K [0x00000000e0000000, 0x00000000e5380000, 0x0000000100000000)
  eden space 66560K, 100% used [0x00000000e0000000,0x00000000e4100000,0x00000000e4100000)
  from space 9216K, 34% used [0x00000000e4a00000,0x00000000e4d134d0,0x00000000e5300000)
  to   space 9216K, 0% used [0x00000000e4100000,0x00000000e4100000,0x00000000e4a00000)
 ParOldGen       total 75264K, used 32167K [0x00000000a0000000, 0x00000000a4980000, 0x00000000e0000000)
  object space 75264K, 42% used [0x00000000a0000000,0x00000000a1f69e20,0x00000000a4980000)
 Metaspace       used 57208K, capacity 58978K, committed 59160K, reserved 1099776K
  class space    used 7869K, capacity 8266K, committed 8368K, reserved 1048576K
Event: 239.355 GC heap after
Heap after GC invocations=23 (full 2):
 PSYoungGen      total 75776K, used 6208K [0x00000000e0000000, 0x00000000e5f00000, 0x0000000100000000)
  eden space 66560K, 0% used [0x00000000e0000000,0x00000000e0000000,0x00000000e4100000)
  from space 9216K, 67% used [0x00000000e4100000,0x00000000e4710048,0x00000000e4a00000)
  to   space 9216K, 0% used [0x00000000e5600000,0x00000000e5600000,0x00000000e5f00000)
 ParOldGen       total 75264K, used 34539K [0x00000000a0000000, 0x00000000a4980000, 0x00000000e0000000)
  object space 75264K, 45% used [0x00000000a0000000,0x00000000a21baef0,0x00000000a4980000)
 Metaspace       used 57208K, capacity 58978K, committed 59160K, reserved 1099776K
  class space    used 7869K, capacity 8266K, committed 8368K, reserved 1048576K
}
Event: 239.576 GC heap before
{Heap before GC invocations=24 (full 2):
 PSYoungGen      total 75776K, used 12961K [0x00000000e0000000, 0x00000000e5f00000, 0x0000000100000000)
  eden space 66560K, 10% used [0x00000000e0000000,0x00000000e06985b8,0x00000000e4100000)
  from space 9216K, 67% used [0x00000000e4100000,0x00000000e4710048,0x00000000e4a00000)
  to   space 9216K, 0% used [0x00000000e5600000,0x00000000e5600000,0x00000000e5f00000)
 ParOldGen       total 75264K, used 34539K [0x00000000a0000000, 0x00000000a4980000, 0x00000000e0000000)
  object space 75264K, 45% used [0x00000000a0000000,0x00000000a21baef0,0x00000000a4980000)
 Metaspace       used 57248K, capacity 59042K, committed 59160K, reserved 1099776K
  class space    used 7869K, capacity 8266K, committed 8368K, reserved 1048576K
Event: 239.591 GC heap after
Heap after GC invocations=24 (full 2):
 PSYoungGen      total 88576K, used 4544K [0x00000000e0000000, 0x00000000e6600000, 0x0000000100000000)
  eden space 79360K, 0% used [0x00000000e0000000,0x00000000e0000000,0x00000000e4d80000)
  from space 9216K, 49% used [0x00000000e5600000,0x00000000e5a70070,0x00000000e5f00000)
  to   space 8704K, 0% used [0x00000000e4d80000,0x00000000e4d80000,0x00000000e5600000)
 ParOldGen       total 75264K, used 34547K [0x00000000a0000000, 0x00000000a4980000, 0x00000000e0000000)
  object space 75264K, 45% used [0x00000000a0000000,0x00000000a21bcef0,0x00000000a4980000)
 Metaspace       used 57248K, capacity 59042K, committed 59160K, reserved 1099776K
  class space    used 7869K, capacity 8266K, committed 8368K, reserved 1048576K
}
Event: 239.591 GC heap before
{Heap before GC invocations=25 (full 3):
 PSYoungGen      total 88576K, used 4544K [0x00000000e0000000, 0x00000000e6600000, 0x0000000100000000)
  eden space 79360K, 0% used [0x00000000e0000000,0x00000000e0000000,0x00000000e4d80000)
  from space 9216K, 49% used [0x00000000e5600000,0x00000000e5a70070,0x00000000e5f00000)
  to   space 8704K, 0% used [0x00000000e4d80000,0x00000000e4d80000,0x00000000e5600000)
 ParOldGen       total 75264K, used 34547K [0x00000000a0000000, 0x00000000a4980000, 0x00000000e0000000)
  object space 75264K, 45% used [0x00000000a0000000,0x00000000a21bcef0,0x00000000a4980000)
 Metaspace       used 57248K, capacity 59042K, committed 59160K, reserved 1099776K
  class space    used 7869K, capacity 8266K, committed 8368K, reserved 1048576K
Event: 239.991 GC heap after
Heap after GC invocations=25 (full 3):
 PSYoungGen      total 88576K, used 0K [0x00000000e0000000, 0x00000000e6600000, 0x0000000100000000)
  eden space 79360K, 0% used [0x00000000e0000000,0x00000000e0000000,0x00000000e4d80000)
  from space 9216K, 0% used [0x00000000e5600000,0x00000000e5600000,0x00000000e5f00000)
  to   space 8704K, 0% used [0x00000000e4d80000,0x00000000e4d80000,0x00000000e5600000)
 ParOldGen       total 104960K, used 34516K [0x00000000a0000000, 0x00000000a6680000, 0x00000000e0000000)
  object space 104960K, 32% used [0x00000000a0000000,0x00000000a21b5220,0x00000000a6680000)
 Metaspace       used 57248K, capacity 59042K, committed 59160K, reserved 1099776K
  class space    used 7869K, capacity 8266K, committed 8368K, reserved 1048576K
}

